<?xml version="1.0" encoding="UTF-8"?>
<!-- Generated by org.testng.reporters.JUnitXMLReporter -->
<testsuite hostname="sushants-Air.attlocal.net" name="Sanity test" tests="4" failures="0" timestamp="16 Feb 2020 22:22:32 GMT" time="5.311" errors="0">
  <testcase name="getProductTest" time="1.298" classname="com.qa.furniture.test.FurnitureGetTest"/>
  <testcase name="postProductTest" time="0.692" classname="com.qa.furniture.test.FurniturePostTest"/>
  <testcase name="putProductTest" time="0.164" classname="com.qa.furniture.test.PutProduct"/>
  <testcase name="deleteTest" time="1.628" classname="com.qa.furniture.test.FurnitureDelete"/>
</testsuite> <!-- Sanity test -->
