<?xml version="1.0" encoding="UTF-8"?>
<!-- Generated by org.testng.reporters.JUnitXMLReporter -->
<testsuite hostname="azstorageexp" ignored="0" name="Sanity test" tests="4" failures="1" timestamp="18 Feb 2020 03:21:32 GMT" time="3.427" errors="0">
  <testcase name="getProductTest" time="0.893" classname="com.qa.furniture.test.FurnitureGetTest"/>
  <testcase name="postProductTest" time="0.395" classname="com.qa.furniture.test.FurniturePostTest"/>
  <testcase name="putProductTest" time="0.039" classname="com.qa.furniture.test.PutProduct"/>
  <testcase name="deleteTest" time="0.809" classname="com.qa.furniture.test.FurnitureDelete">
    <failure type="junit.framework.AssertionFailedError" message="expected:&amp;lt;false&amp;gt; but was:&amp;lt;true&amp;gt;">
      <![CDATA[junit.framework.AssertionFailedError: expected:<false> but was:<true>
at junit.framework.Assert.fail(Assert.java:50)
at junit.framework.Assert.failNotEquals(Assert.java:287)
at junit.framework.Assert.assertEquals(Assert.java:67)
at junit.framework.Assert.assertEquals(Assert.java:147)
at junit.framework.Assert.assertEquals(Assert.java:153)
at com.qa.furniture.test.FurnitureDelete.deleteTest(FurnitureDelete.java:87)
... Removed 25 stack frames]]>
    </failure>
  </testcase> <!-- deleteTest -->
</testsuite> <!-- Sanity test -->
