<?xml version="1.0" encoding="UTF-8"?>
<testng-results skipped="0" failed="0" total="4" passed="4">
  <reporter-output>
    <line>
      <![CDATA[BaseURI Set]]>
    </line>
    <line>
      <![CDATA[Get Value API Test begins]]>
    </line>
    <line>
      <![CDATA[BaseURI Set]]>
    </line>
    <line>
      <![CDATA[Post Value API Test begins]]>
    </line>
    <line>
      <![CDATA[3.0]]>
    </line>
    <line>
      <![CDATA[100.0]]>
    </line>
    <line>
      <![CDATA[{"message":"Created","httpStatus":"201 CREATED","httpStatusCode":201,"body":{"productId":512,"name":"sofa","color":"yellow","price":12000.0,"description":"Chair within sofa","materialDescription":"Chair new sofa has","warranty":10,"availability":false,"updateOn":"2020-02-16","createdOn":"2020-02-16","discount":100,"categoryName":"sofa"},"success":true,"error":false}]]>
    </line>
    <line>
      <![CDATA[Status code is201]]>
    </line>
    <line>
      <![CDATA[BaseURI Set]]>
    </line>
    <line>
      <![CDATA[Post Value API Test begins]]>
    </line>
    <line>
      <![CDATA[BaseURI Set]]>
    </line>
    <line>
      <![CDATA[Delete Value API Test begins]]>
    </line>
  </reporter-output>
  <suite name="Sanity Suite" duration-ms="5311" started-at="2020-02-16T22:22:27Z" finished-at="2020-02-16T22:22:32Z">
    <groups>
    </groups>
    <test name="Sanity test" duration-ms="5311" started-at="2020-02-16T22:22:27Z" finished-at="2020-02-16T22:22:32Z">
      <class name="com.qa.furniture.test.FurnitureGetTest">
        <test-method status="PASS" signature="beforeClass(org.testng.ITestContext)[pri:0, instance:com.qa.furniture.test.FurnitureGetTest@5594a1b5]" name="beforeClass" is-config="true" duration-ms="499" started-at="2020-02-16T16:22:27Z" finished-at="2020-02-16T16:22:28Z">
          <params>
            <param index="0">
              <value>
                <![CDATA[org.testng.TestRunner@65f58c6e]]>
              </value>
            </param>
          </params>
          <reporter-output>
            <line>
              <![CDATA[BaseURI Set]]>
            </line>
          </reporter-output>
        </test-method> <!-- beforeClass -->
        <test-method status="PASS" signature="driverSetUp(java.lang.reflect.Method)[pri:0, instance:com.qa.furniture.test.FurnitureGetTest@5594a1b5]" name="driverSetUp" is-config="true" duration-ms="111" started-at="2020-02-16T16:22:28Z" finished-at="2020-02-16T16:22:28Z">
          <params>
            <param index="0">
              <value>
                <![CDATA[public void com.qa.furniture.test.FurnitureGetTest.getProductTest()]]>
              </value>
            </param>
          </params>
          <reporter-output>
          </reporter-output>
        </test-method> <!-- driverSetUp -->
        <test-method status="PASS" signature="setUp()[pri:0, instance:com.qa.furniture.test.FurnitureGetTest@5594a1b5]" name="setUp" is-config="true" duration-ms="0" started-at="2020-02-16T16:22:28Z" finished-at="2020-02-16T16:22:28Z">
          <reporter-output>
          </reporter-output>
        </test-method> <!-- setUp -->
        <test-method status="PASS" signature="getProductTest()[pri:0, instance:com.qa.furniture.test.FurnitureGetTest@5594a1b5]" name="getProductTest" duration-ms="1298" started-at="2020-02-16T16:22:28Z" finished-at="2020-02-16T16:22:29Z">
          <reporter-output>
            <line>
              <![CDATA[Get Value API Test begins]]>
            </line>
          </reporter-output>
        </test-method> <!-- getProductTest -->
        <test-method status="PASS" signature="tearDown()[pri:0, instance:com.qa.furniture.test.FurnitureGetTest@5594a1b5]" name="tearDown" is-config="true" duration-ms="452" started-at="2020-02-16T16:22:29Z" finished-at="2020-02-16T16:22:29Z">
          <reporter-output>
          </reporter-output>
        </test-method> <!-- tearDown -->
      </class> <!-- com.qa.furniture.test.FurnitureGetTest -->
      <class name="com.qa.furniture.test.FurniturePostTest">
        <test-method status="PASS" signature="beforeClass(org.testng.ITestContext)[pri:0, instance:com.qa.furniture.test.FurniturePostTest@57829d67]" name="beforeClass" is-config="true" duration-ms="0" started-at="2020-02-16T16:22:29Z" finished-at="2020-02-16T16:22:29Z">
          <params>
            <param index="0">
              <value>
                <![CDATA[org.testng.TestRunner@65f58c6e]]>
              </value>
            </param>
          </params>
          <reporter-output>
            <line>
              <![CDATA[BaseURI Set]]>
            </line>
          </reporter-output>
        </test-method> <!-- beforeClass -->
        <test-method status="PASS" signature="postProductTest(java.lang.String, java.lang.String, java.lang.String, java.lang.String, java.lang.String, java.lang.String, java.lang.String, java.lang.String, java.lang.String, java.lang.String, java.lang.String)[pri:0, instance:com.qa.furniture.test.FurniturePostTest@57829d67]" name="postProductTest" duration-ms="692" started-at="2020-02-16T16:22:30Z" data-provider="getProductData" finished-at="2020-02-16T16:22:30Z">
          <params>
            <param index="0">
              <value>
                <![CDATA[true]]>
              </value>
            </param>
            <param index="1">
              <value>
                <![CDATA[3.0]]>
              </value>
            </param>
            <param index="2">
              <value>
                <![CDATA[yellow]]>
              </value>
            </param>
            <param index="3">
              <value>
                <![CDATA[ ]]>
              </value>
            </param>
            <param index="4">
              <value>
                <![CDATA[Chair within sofa]]>
              </value>
            </param>
            <param index="5">
              <value>
                <![CDATA[100.0]]>
              </value>
            </param>
            <param index="6">
              <value>
                <![CDATA[Chair new sofa has]]>
              </value>
            </param>
            <param index="7">
              <value>
                <![CDATA[sofa]]>
              </value>
            </param>
            <param index="8">
              <value>
                <![CDATA[12000.0]]>
              </value>
            </param>
            <param index="9">
              <value>
                <![CDATA[ ]]>
              </value>
            </param>
            <param index="10">
              <value>
                <![CDATA[10.0]]>
              </value>
            </param>
          </params>
          <reporter-output>
            <line>
              <![CDATA[Post Value API Test begins]]>
            </line>
            <line>
              <![CDATA[3.0]]>
            </line>
            <line>
              <![CDATA[100.0]]>
            </line>
            <line>
              <![CDATA[{"message":"Created","httpStatus":"201 CREATED","httpStatusCode":201,"body":{"productId":512,"name":"sofa","color":"yellow","price":12000.0,"description":"Chair within sofa","materialDescription":"Chair new sofa has","warranty":10,"availability":false,"updateOn":"2020-02-16","createdOn":"2020-02-16","discount":100,"categoryName":"sofa"},"success":true,"error":false}]]>
            </line>
            <line>
              <![CDATA[Status code is201]]>
            </line>
          </reporter-output>
        </test-method> <!-- postProductTest -->
        <test-method status="PASS" signature="driverSetUp(java.lang.reflect.Method)[pri:0, instance:com.qa.furniture.test.FurniturePostTest@57829d67]" name="driverSetUp" is-config="true" duration-ms="0" started-at="2020-02-16T16:22:30Z" finished-at="2020-02-16T16:22:30Z">
          <params>
            <param index="0">
              <value>
                <![CDATA[public void com.qa.furniture.test.FurniturePostTest.postProductTest(java.lang.String,java.lang.String,java.lang.String,java.lang.String,java.lang.String,java.lang.String,java.lang.String,java.lang.String,java.lang.String,java.lang.String,java.lang.String)]]>
              </value>
            </param>
          </params>
          <reporter-output>
          </reporter-output>
        </test-method> <!-- driverSetUp -->
        <test-method status="PASS" signature="setUp()[pri:0, instance:com.qa.furniture.test.FurniturePostTest@57829d67]" name="setUp" is-config="true" duration-ms="0" started-at="2020-02-16T16:22:30Z" finished-at="2020-02-16T16:22:30Z">
          <reporter-output>
          </reporter-output>
        </test-method> <!-- setUp -->
        <test-method status="PASS" signature="tearDown()[pri:0, instance:com.qa.furniture.test.FurniturePostTest@57829d67]" name="tearDown" is-config="true" duration-ms="57" started-at="2020-02-16T16:22:30Z" finished-at="2020-02-16T16:22:30Z">
          <reporter-output>
          </reporter-output>
        </test-method> <!-- tearDown -->
      </class> <!-- com.qa.furniture.test.FurniturePostTest -->
      <class name="com.qa.furniture.test.PutProduct">
        <test-method status="PASS" signature="beforeClass(org.testng.ITestContext)[pri:0, instance:com.qa.furniture.test.PutProduct@17c68925]" name="beforeClass" is-config="true" duration-ms="0" started-at="2020-02-16T16:22:30Z" finished-at="2020-02-16T16:22:30Z">
          <params>
            <param index="0">
              <value>
                <![CDATA[org.testng.TestRunner@65f58c6e]]>
              </value>
            </param>
          </params>
          <reporter-output>
            <line>
              <![CDATA[BaseURI Set]]>
            </line>
          </reporter-output>
        </test-method> <!-- beforeClass -->
        <test-method status="PASS" signature="driverSetUp(java.lang.reflect.Method)[pri:0, instance:com.qa.furniture.test.PutProduct@17c68925]" name="driverSetUp" is-config="true" duration-ms="0" started-at="2020-02-16T16:22:30Z" finished-at="2020-02-16T16:22:30Z">
          <params>
            <param index="0">
              <value>
                <![CDATA[public void com.qa.furniture.test.PutProduct.putProductTest(java.lang.String,java.lang.String,java.lang.String,java.lang.String,java.lang.String,java.lang.String,java.lang.String,java.lang.String,java.lang.String,java.lang.String)]]>
              </value>
            </param>
          </params>
          <reporter-output>
          </reporter-output>
        </test-method> <!-- driverSetUp -->
        <test-method status="PASS" signature="setUp()[pri:0, instance:com.qa.furniture.test.PutProduct@17c68925]" name="setUp" is-config="true" duration-ms="1" started-at="2020-02-16T16:22:30Z" finished-at="2020-02-16T16:22:30Z">
          <reporter-output>
          </reporter-output>
        </test-method> <!-- setUp -->
        <test-method status="PASS" signature="putProductTest(java.lang.String, java.lang.String, java.lang.String, java.lang.String, java.lang.String, java.lang.String, java.lang.String, java.lang.String, java.lang.String, java.lang.String)[pri:0, instance:com.qa.furniture.test.PutProduct@17c68925]" name="putProductTest" duration-ms="164" started-at="2020-02-16T16:22:30Z" data-provider="getProductData" finished-at="2020-02-16T16:22:31Z">
          <params>
            <param index="0">
              <value>
                <![CDATA[101.0]]>
              </value>
            </param>
            <param index="1">
              <value>
                <![CDATA[true]]>
              </value>
            </param>
            <param index="2">
              <value>
                <![CDATA[blue]]>
              </value>
            </param>
            <param index="3">
              <value>
                <![CDATA[New chair]]>
              </value>
            </param>
            <param index="4">
              <value>
                <![CDATA[100.0]]>
              </value>
            </param>
            <param index="5">
              <value>
                <![CDATA[Awesome fabric]]>
              </value>
            </param>
            <param index="6">
              <value>
                <![CDATA[chair]]>
              </value>
            </param>
            <param index="7">
              <value>
                <![CDATA[12000.0]]>
              </value>
            </param>
            <param index="8">
              <value>
                <![CDATA[ ]]>
              </value>
            </param>
            <param index="9">
              <value>
                <![CDATA[10.0]]>
              </value>
            </param>
          </params>
          <reporter-output>
            <line>
              <![CDATA[Post Value API Test begins]]>
            </line>
          </reporter-output>
        </test-method> <!-- putProductTest -->
        <test-method status="PASS" signature="tearDown()[pri:0, instance:com.qa.furniture.test.PutProduct@17c68925]" name="tearDown" is-config="true" duration-ms="44" started-at="2020-02-16T16:22:31Z" finished-at="2020-02-16T16:22:31Z">
          <reporter-output>
          </reporter-output>
        </test-method> <!-- tearDown -->
      </class> <!-- com.qa.furniture.test.PutProduct -->
      <class name="com.qa.furniture.test.FurnitureDelete">
        <test-method status="PASS" signature="beforeClass(org.testng.ITestContext)[pri:0, instance:com.qa.furniture.test.FurnitureDelete@3d24753a]" name="beforeClass" is-config="true" duration-ms="0" started-at="2020-02-16T16:22:31Z" finished-at="2020-02-16T16:22:31Z">
          <params>
            <param index="0">
              <value>
                <![CDATA[org.testng.TestRunner@65f58c6e]]>
              </value>
            </param>
          </params>
          <reporter-output>
            <line>
              <![CDATA[BaseURI Set]]>
            </line>
          </reporter-output>
        </test-method> <!-- beforeClass -->
        <test-method status="PASS" signature="driverSetUp(java.lang.reflect.Method)[pri:0, instance:com.qa.furniture.test.FurnitureDelete@3d24753a]" name="driverSetUp" is-config="true" duration-ms="1" started-at="2020-02-16T16:22:31Z" finished-at="2020-02-16T16:22:31Z">
          <params>
            <param index="0">
              <value>
                <![CDATA[public void com.qa.furniture.test.FurnitureDelete.deleteTest(java.lang.String)]]>
              </value>
            </param>
          </params>
          <reporter-output>
          </reporter-output>
        </test-method> <!-- driverSetUp -->
        <test-method status="PASS" signature="setUp()[pri:0, instance:com.qa.furniture.test.FurnitureDelete@3d24753a]" name="setUp" is-config="true" duration-ms="0" started-at="2020-02-16T16:22:31Z" finished-at="2020-02-16T16:22:31Z">
          <reporter-output>
          </reporter-output>
        </test-method> <!-- setUp -->
        <test-method status="PASS" signature="deleteTest(java.lang.String)[pri:0, instance:com.qa.furniture.test.FurnitureDelete@3d24753a]" name="deleteTest" duration-ms="1628" started-at="2020-02-16T16:22:31Z" data-provider="getProductData" finished-at="2020-02-16T16:22:32Z">
          <params>
            <param index="0">
              <value>
                <![CDATA[110.0]]>
              </value>
            </param>
          </params>
          <reporter-output>
            <line>
              <![CDATA[Delete Value API Test begins]]>
            </line>
          </reporter-output>
        </test-method> <!-- deleteTest -->
        <test-method status="PASS" signature="tearDown()[pri:0, instance:com.qa.furniture.test.FurnitureDelete@3d24753a]" name="tearDown" is-config="true" duration-ms="42" started-at="2020-02-16T16:22:32Z" finished-at="2020-02-16T16:22:32Z">
          <reporter-output>
          </reporter-output>
        </test-method> <!-- tearDown -->
      </class> <!-- com.qa.furniture.test.FurnitureDelete -->
    </test> <!-- Sanity test -->
  </suite> <!-- Sanity Suite -->
</testng-results>
